Using pre-set license
Built from '2020.3/china_unity/release' branch; Version is '2020.3.32f1c1 (76260b79758e) revision 7742987'; Using compiler version '192528614'; Build Type 'Release'
OS: 'Windows 11  (10.0.22000) 64bit CoreCountrySpecific' Language: 'zh' Physical Memory: 15741 MB
BatchMode: 1, IsHumanControllingUs: 0, StartBugReporterOnCrash: 0, Is64bit: 1, IsPro: 0

COMMAND LINE ARGUMENTS:
E:\Unity Hub\Hub\Editor\2020.3.32f1c1\Editor\Unity.exe
-adb2
-batchMode
-noUpm
-name
AssetImportWorker0
-projectPath
E:/Unity Project/Exp9&10
-logFile
Logs/AssetImportWorker0.log
-srvPort
7989
Successfully changed project path to: E:/Unity Project/Exp9&10
E:/Unity Project/Exp9&10
Using Asset Import Pipeline V2.
AS: AutoStreaming module initializing.Refreshing native plugins compatible for Editor in 137.18 ms, found 2 plugins.
Preloading 0 native plugins for Editor in 0.00 ms.
Initialize engine version: 2020.3.32f1c1 (76260b79758e)
[Subsystems] Discovering subsystems at path E:/Unity Hub/Hub/Editor/2020.3.32f1c1/Editor/Data/Resources/UnitySubsystems
[Subsystems] Discovering subsystems at path E:/Unity Project/Exp9&10/Assets
GfxDevice: creating device client; threaded=0
Direct3D:
    Version:  Direct3D 11.0 [level 11.1]
    Renderer: NVIDIA GeForce GTX 1650 (ID=0x1f99)
    Vendor:   
    VRAM:     3962 MB
    Driver:   27.21.14.5749
Initialize mono
Mono path[0] = 'E:/Unity Hub/Hub/Editor/2020.3.32f1c1/Editor/Data/Managed'
Mono path[1] = 'E:/Unity Hub/Hub/Editor/2020.3.32f1c1/Editor/Data/MonoBleedingEdge/lib/mono/unityjit'
Mono config path = 'E:/Unity Hub/Hub/Editor/2020.3.32f1c1/Editor/Data/MonoBleedingEdge/etc'
Using monoOptions --debugger-agent=transport=dt_socket,embedding=1,server=y,suspend=n,address=127.0.0.1:56296
Begin MonoManager ReloadAssembly
Registering precompiled unity dll's ...
Register platform support module: E:/Unity Hub/Hub/Editor/2020.3.32f1c1/Editor/Data/PlaybackEngines/WindowsStandaloneSupport/UnityEditor.WindowsStandalone.Extensions.dll
Registered in 0.002462 seconds.
Native extension for WindowsStandalone target not found
Refreshing native plugins compatible for Editor in 157.58 ms, found 2 plugins.
Preloading 0 native plugins for Editor in 0.00 ms.
Mono: successfully reloaded assembly
- Completed reload, in  1.599 seconds
Domain Reload Profiling:
	ReloadAssembly (1599ms)
		BeginReloadAssembly (164ms)
			ExecutionOrderSort (0ms)
			DisableScriptedObjects (0ms)
			BackupInstance (0ms)
			ReleaseScriptingObjects (0ms)
			CreateAndSetChildDomain (2ms)
		EndReloadAssembly (1235ms)
			LoadAssemblies (162ms)
			RebuildTransferFunctionScriptingTraits (0ms)
			SetupTypeCache (384ms)
			ReleaseScriptCaches (0ms)
			RebuildScriptCaches (79ms)
			SetupLoadedEditorAssemblies (504ms)
				LogAssemblyErrors (0ms)
				InitializePlatformSupportModulesInManaged (12ms)
				SetLoadedEditorAssemblies (1ms)
				RefreshPlugins (158ms)
				BeforeProcessingInitializeOnLoad (34ms)
				ProcessInitializeOnLoadAttributes (222ms)
				ProcessInitializeOnLoadMethodAttributes (77ms)
				AfterProcessingInitializeOnLoad (0ms)
				EditorAssembliesLoaded (0ms)
			ExecutionOrderSort2 (0ms)
			AwakeInstancesAfterBackupRestoration (0ms)
Platform modules already initialized, skipping
Registering precompiled user dll's ...
Registered in 0.006201 seconds.
Begin MonoManager ReloadAssembly
Native extension for WindowsStandalone target not found
Refreshing native plugins compatible for Editor in 142.56 ms, found 2 plugins.
Preloading 0 native plugins for Editor in 0.00 ms.
Mono: successfully reloaded assembly
- Completed reload, in  2.842 seconds
Domain Reload Profiling:
	ReloadAssembly (2844ms)
		BeginReloadAssembly (389ms)
			ExecutionOrderSort (0ms)
			DisableScriptedObjects (11ms)
			BackupInstance (0ms)
			ReleaseScriptingObjects (0ms)
			CreateAndSetChildDomain (38ms)
		EndReloadAssembly (2308ms)
			LoadAssemblies (257ms)
			RebuildTransferFunctionScriptingTraits (0ms)
			SetupTypeCache (802ms)
			ReleaseScriptCaches (1ms)
			RebuildScriptCaches (126ms)
			SetupLoadedEditorAssemblies (854ms)
				LogAssemblyErrors (0ms)
				InitializePlatformSupportModulesInManaged (8ms)
				SetLoadedEditorAssemblies (1ms)
				RefreshPlugins (143ms)
				BeforeProcessingInitializeOnLoad (203ms)
				ProcessInitializeOnLoadAttributes (471ms)
				ProcessInitializeOnLoadMethodAttributes (22ms)
				AfterProcessingInitializeOnLoad (5ms)
				EditorAssembliesLoaded (1ms)
			ExecutionOrderSort2 (0ms)
			AwakeInstancesAfterBackupRestoration (15ms)
Platform modules already initialized, skipping
========================================================================
Worker process is ready to serve import requests
Launched and connected shader compiler UnityShaderCompiler.exe after 0.10 seconds
Refreshing native plugins compatible for Editor in 1.13 ms, found 2 plugins.
Preloading 0 native plugins for Editor in 0.00 ms.
Unloading 2810 Unused Serialized files (Serialized files now loaded: 0)
System memory in use before: 129.7 MB.
System memory in use after: 129.9 MB.

Unloading 17 unused Assets to reduce memory usage. Loaded Objects now: 3249.
Total: 7.595900 ms (FindLiveObjects: 0.360400 ms CreateObjectMapping: 0.334000 ms MarkObjects: 6.702100 ms  DeleteObjects: 0.196800 ms)

AssetImportParameters requested are different than current active one (requested -> active):
  custom:framework-win-MediaFoundation: 216162199b28c13a410421893ffa2e32 -> 
  custom:video-decoder-ogg-theora: a1e56fd34408186e4bbccfd4996cb3dc -> 
  custom:container-muxer-webm: aa71ff27fc2769a1b78a27578f13a17b -> 
  custom:container-demuxer-webm: 4f35f7cbe854078d1ac9338744f61a02 -> 
  custom:container-demuxer-ogg: 62fdf1f143b41e24485cea50d1cbac27 -> 
  custom:video-encoder-webm-vp8: eb34c28f22e8b96e1ab97ce403110664 -> 
  custom:video-codec-MediaFoundation-h265: 746d11721c4dcdbdad8f713fa42b33f4 -> 
  custom:video-decoder-webm-vp8: 9c59270c3fd7afecdb556c50c9e8de78 -> 
  custom:audio-decoder-ogg-vorbis: bf7c407c2cedff20999df2af8eb42d56 -> 
  custom:audio-encoder-webm-vorbis: bf7c407c2cedff20999df2af8eb42d56 -> 
========================================================================
Received Import Request.
  path: Assets/New Material.mat
  artifactKey: Guid(e71c25f0927769b40bec5c9cede44439) Importer(815301076,1909f56bfc062723c751e8b465ee728b)
Start importing Assets/New Material.mat using Guid(e71c25f0927769b40bec5c9cede44439) Importer(815301076,1909f56bfc062723c751e8b465ee728b)  -> (artifact id: 'cad75422a320913d4b9de8e6697c8a9e') in 0.770834 seconds 
========================================================================
Received Import Request.
  Time since last request: 0.001012 seconds.
  path: Assets/UniversalRenderPipelineAsset.asset
  artifactKey: Guid(cb69ef65a8d050847a3f101513aa4e42) Importer(815301076,1909f56bfc062723c751e8b465ee728b)
Start importing Assets/UniversalRenderPipelineAsset.asset using Guid(cb69ef65a8d050847a3f101513aa4e42) Importer(815301076,1909f56bfc062723c751e8b465ee728b)  -> (artifact id: 'c481f95847fc6a6950f1ce4dced54b25') in 0.015460 seconds 
========================================================================
Received Import Request.
  Time since last request: 0.000636 seconds.
  path: Assets/UniversalRenderPipelineAsset_Renderer.asset
  artifactKey: Guid(c8bfeab8451d7234ab66cc65319fe2a2) Importer(815301076,1909f56bfc062723c751e8b465ee728b)
Start importing Assets/UniversalRenderPipelineAsset_Renderer.asset using Guid(c8bfeab8451d7234ab66cc65319fe2a2) Importer(815301076,1909f56bfc062723c751e8b465ee728b)  -> (artifact id: '15e39a1ac2a7a14e63bbaf2f169c9e8a') in 0.010338 seconds 
========================================================================
Received Import Request.
  Time since last request: 30.357049 seconds.
  path: Assets/Scenes
  artifactKey: Guid(af05dd03f2ba8fd48870bbfe0b6d91ea) Importer(815301076,1909f56bfc062723c751e8b465ee728b)
Start importing Assets/Scenes using Guid(af05dd03f2ba8fd48870bbfe0b6d91ea) Importer(815301076,1909f56bfc062723c751e8b465ee728b)  -> (artifact id: '27d58864b5c9df2d3d2e6f782ccbd439') in 0.004712 seconds 
========================================================================
Received Import Request.
  Time since last request: 5.130028 seconds.
  path: Assets/Scenes/reflection.unity
  artifactKey: Guid(a7f139d89f705bd48b553d50bc8329d7) Importer(815301076,1909f56bfc062723c751e8b465ee728b)
Start importing Assets/Scenes/reflection.unity using Guid(a7f139d89f705bd48b553d50bc8329d7) Importer(815301076,1909f56bfc062723c751e8b465ee728b)  -> (artifact id: '8077fccb3229841b859220ea4fc4edfc') in 0.123358 seconds 
========================================================================
Received Import Request.
  Time since last request: 9.697930 seconds.
  path: Assets/Scenes/SampleScene.unity
  artifactKey: Guid(9fc0d4010bbf28b4594072e72b8655ab) Importer(815301076,1909f56bfc062723c751e8b465ee728b)
Start importing Assets/Scenes/SampleScene.unity using Guid(9fc0d4010bbf28b4594072e72b8655ab) Importer(815301076,1909f56bfc062723c751e8b465ee728b)  -> (artifact id: '5e1d74cb83ab35ac484b3baa51700107') in 0.004889 seconds 
AssetImportWorkerClient::OnTransportError - code=2 error=End of file
